2019-02-24 23:30:38.204 INFO [main]com.threewater.template.background.BackgroundApplication.logStarting:50 -Starting BackgroundApplication on DESKTOP-1LO98I2 with PID 13940 (F:\workspace\background\target\classes started by Mloong in F:\workspace\background)
2019-02-24 23:30:38.236 INFO [main]com.threewater.template.background.BackgroundApplication.logStartupProfileInfo:679 -The following profiles are active: dev
2019-02-24 23:30:38.613 WARN [main]org.mybatis.spring.mapper.ClassPathMapperScanner.doScan:166 -No MyBatis mapper was found in '[com.threewater.template.background]' package. Please check your configuration.
2019-02-24 23:30:38.636 INFO [main]o.s.d.repository.config.RepositoryConfigurationDelegate.multipleStoresDetected:244 -Multiple Spring Data modules found, entering strict repository configuration mode!
2019-02-24 23:30:38.637 INFO [main]o.s.d.repository.config.RepositoryConfigurationDelegate.registerRepositoriesIn:126 -Bootstrapping Spring Data repositories in DEFAULT mode.
2019-02-24 23:30:38.672 INFO [main]o.s.d.repository.config.RepositoryConfigurationDelegate.registerRepositoriesIn:182 -Finished Spring Data repository scanning in 33ms. Found 1 repository interfaces.
2019-02-24 23:30:38.678 INFO [main]o.s.d.repository.config.RepositoryConfigurationDelegate.multipleStoresDetected:244 -Multiple Spring Data modules found, entering strict repository configuration mode!
2019-02-24 23:30:38.679 INFO [main]o.s.d.repository.config.RepositoryConfigurationDelegate.registerRepositoriesIn:126 -Bootstrapping Spring Data repositories in DEFAULT mode.
2019-02-24 23:30:38.688 INFO [main]o.s.d.r.config.RepositoryConfigurationExtensionSupport.isStrictRepositoryCandidate:363 -Spring Data Redis - Could not safely identify store assignment for repository candidate interface com.threewater.template.background.repository.UserRepository.
2019-02-24 23:30:38.689 INFO [main]o.s.d.repository.config.RepositoryConfigurationDelegate.registerRepositoriesIn:182 -Finished Spring Data repository scanning in 5ms. Found 0 repository interfaces.
2019-02-24 23:30:38.881 INFO [main]o.s.c.s.PostProcessorRegistrationDelegate$BeanPostProcessorChecker.postProcessAfterInitialization:330 -Bean 'org.springframework.transaction.annotation.ProxyTransactionManagementConfiguration' of type [org.springframework.transaction.annotation.ProxyTransactionManagementConfiguration$$EnhancerBySpringCGLIB$$dc81ee95] is not eligible for getting processed by all BeanPostProcessors (for example: not eligible for auto-proxying)
2019-02-24 23:30:39.066 INFO [main]o.s.boot.web.embedded.tomcat.TomcatWebServer.initialize:90 -Tomcat initialized with port(s): 8080 (http)
2019-02-24 23:30:39.074 INFO [main]org.apache.coyote.http11.Http11NioProtocol.log:173 -Initializing ProtocolHandler ["http-nio-8080"]
2019-02-24 23:30:39.080 INFO [main]org.apache.catalina.core.StandardService.log:173 -Starting service [Tomcat]
2019-02-24 23:30:39.080 INFO [main]org.apache.catalina.core.StandardEngine.log:173 -Starting Servlet engine: [Apache Tomcat/9.0.16]
2019-02-24 23:30:39.084 INFO [main]org.apache.catalina.core.AprLifecycleListener.log:173 -The APR based Apache Tomcat Native library which allows optimal performance in production environments was not found on the java.library.path: [C:\Program Files\Java\jdk1.8.0_171\bin;C:\WINDOWS\Sun\Java\bin;C:\WINDOWS\system32;C:\WINDOWS;C:\Program Files (x86)\Razer\ChromaBroadcast\bin;C:\Program Files\Razer\ChromaBroadcast\bin;C:\Program Files (x86)\Common Files\Oracle\Java\javapath;C:\Program Files (x86)\Intel\Intel(R) Management Engine Components\iCLS\;C:\Program Files\Intel\Intel(R) Management Engine Components\iCLS\;C:\Windows\system32;C:\Windows;C:\Windows\System32\Wbem;C:\Windows\System32\WindowsPowerShell\v1.0\;C:\Program Files (x86)\NVIDIA Corporation\PhysX\Common;C:\Program Files (x86)\Intel\Intel(R) Management Engine Components\DAL;C:\Program Files\Intel\Intel(R) Management Engine Components\DAL;C:\Program Files (x86)\Intel\Intel(R) Management Engine Components\IPT;C:\Program Files\Intel\Intel(R) Management Engine Components\IPT;C:\Program Files (x86)\Common Files\microsoft shared\TigerKin;C:\WINDOWS\system32;C:\WINDOWS;C:\WINDOWS\System32\Wbem;C:\WINDOWS\System32\WindowsPowerShell\v1.0\;C:\WINDOWS\System32\OpenSSH\;F:\Git\cmd;C:\WINDOWS\system32\config\systemprofile\AppData\Local\Microsoft\WindowsApps;C:\Users\Mloong\AppData\Local\Microsoft\WindowsApps;C:\Program Files\Java\jdk1.8.0_171\bin;C:\Program Files\Java\jdk1.8.0_171\jre\bin;F:\apache-maven-3.5.4-bin\apache-maven-3.5.4\bin;F:\apache-maven-3.5.4-bin\apache-maven-3.5.4\bin;F:\mysql\bin;D:\Microsoft VS Code\bin;.]
2019-02-24 23:30:39.179 INFO [main]o.a.catalina.core.ContainerBase.[Tomcat].[localhost].[/].log:173 -Initializing Spring embedded WebApplicationContext
2019-02-24 23:30:39.180 INFO [main]org.springframework.web.context.ContextLoader.prepareWebApplicationContext:296 -Root WebApplicationContext: initialization completed in 910 ms
2019-02-24 23:30:39.407 INFO [main]org.elasticsearch.plugins.PluginsService.logPluginInfo:190 -no modules loaded
2019-02-24 23:30:39.408 INFO [main]org.elasticsearch.plugins.PluginsService.logPluginInfo:193 -loaded plugin [org.elasticsearch.index.reindex.ReindexPlugin]
2019-02-24 23:30:39.408 INFO [main]org.elasticsearch.plugins.PluginsService.logPluginInfo:193 -loaded plugin [org.elasticsearch.join.ParentJoinPlugin]
2019-02-24 23:30:39.408 INFO [main]org.elasticsearch.plugins.PluginsService.logPluginInfo:193 -loaded plugin [org.elasticsearch.percolator.PercolatorPlugin]
2019-02-24 23:30:39.409 INFO [main]org.elasticsearch.plugins.PluginsService.logPluginInfo:193 -loaded plugin [org.elasticsearch.script.mustache.MustachePlugin]
2019-02-24 23:30:39.409 INFO [main]org.elasticsearch.plugins.PluginsService.logPluginInfo:193 -loaded plugin [org.elasticsearch.transport.Netty4Plugin]
2019-02-24 23:30:40.034 INFO [main]o.s.data.elasticsearch.client.TransportClientFactoryBean.lambda$buildClient$0:88 -Adding transport node : 127.0.0.1:9300
2019-02-24 23:30:41.712 WARN [main]o.s.b.w.s.c.AnnotationConfigServletWebServerApplicationContext.refresh:557 -Exception encountered during context initialization - cancelling refresh attempt: org.springframework.beans.factory.UnsatisfiedDependencyException: Error creating bean with name 'userController': Unsatisfied dependency expressed through field 'userMapper'; nested exception is org.springframework.beans.factory.NoSuchBeanDefinitionException: No qualifying bean of type 'com.threewater.template.background.mapper.UserMapper' available: expected at least 1 bean which qualifies as autowire candidate. Dependency annotations: {@org.springframework.beans.factory.annotation.Autowired(required=true)}
2019-02-24 23:30:42.720 INFO [main]org.apache.catalina.core.StandardService.log:173 -Stopping service [Tomcat]
2019-02-24 23:30:42.761 INFO [main]o.s.b.a.logging.ConditionEvaluationReportLoggingListener.logMessage:142 -

Error starting ApplicationContext. To display the conditions report re-run your application with 'debug' enabled.
2019-02-24 23:31:02.717 INFO [main]com.threewater.template.background.BackgroundApplication.logStarting:50 -Starting BackgroundApplication on DESKTOP-1LO98I2 with PID 22648 (F:\workspace\background\target\classes started by Mloong in F:\workspace\background)
2019-02-24 23:31:02.722 INFO [main]com.threewater.template.background.BackgroundApplication.logStartupProfileInfo:679 -The following profiles are active: dev
2019-02-24 23:31:03.087 WARN [main]org.mybatis.spring.mapper.ClassPathMapperScanner.doScan:166 -No MyBatis mapper was found in '[com.threewater.template.background]' package. Please check your configuration.
2019-02-24 23:31:03.110 INFO [main]o.s.d.repository.config.RepositoryConfigurationDelegate.multipleStoresDetected:244 -Multiple Spring Data modules found, entering strict repository configuration mode!
2019-02-24 23:31:03.112 INFO [main]o.s.d.repository.config.RepositoryConfigurationDelegate.registerRepositoriesIn:126 -Bootstrapping Spring Data repositories in DEFAULT mode.
2019-02-24 23:31:03.150 INFO [main]o.s.d.repository.config.RepositoryConfigurationDelegate.registerRepositoriesIn:182 -Finished Spring Data repository scanning in 35ms. Found 1 repository interfaces.
2019-02-24 23:31:03.156 INFO [main]o.s.d.repository.config.RepositoryConfigurationDelegate.multipleStoresDetected:244 -Multiple Spring Data modules found, entering strict repository configuration mode!
2019-02-24 23:31:03.157 INFO [main]o.s.d.repository.config.RepositoryConfigurationDelegate.registerRepositoriesIn:126 -Bootstrapping Spring Data repositories in DEFAULT mode.
2019-02-24 23:31:03.168 INFO [main]o.s.d.r.config.RepositoryConfigurationExtensionSupport.isStrictRepositoryCandidate:363 -Spring Data Redis - Could not safely identify store assignment for repository candidate interface com.threewater.template.background.repository.UserRepository.
2019-02-24 23:31:03.168 INFO [main]o.s.d.repository.config.RepositoryConfigurationDelegate.registerRepositoriesIn:182 -Finished Spring Data repository scanning in 5ms. Found 0 repository interfaces.
2019-02-24 23:31:03.367 INFO [main]o.s.c.s.PostProcessorRegistrationDelegate$BeanPostProcessorChecker.postProcessAfterInitialization:330 -Bean 'org.springframework.transaction.annotation.ProxyTransactionManagementConfiguration' of type [org.springframework.transaction.annotation.ProxyTransactionManagementConfiguration$$EnhancerBySpringCGLIB$$83ea87ad] is not eligible for getting processed by all BeanPostProcessors (for example: not eligible for auto-proxying)
2019-02-24 23:31:03.545 INFO [main]o.s.boot.web.embedded.tomcat.TomcatWebServer.initialize:90 -Tomcat initialized with port(s): 8080 (http)
2019-02-24 23:31:03.553 INFO [main]org.apache.coyote.http11.Http11NioProtocol.log:173 -Initializing ProtocolHandler ["http-nio-8080"]
2019-02-24 23:31:03.558 INFO [main]org.apache.catalina.core.StandardService.log:173 -Starting service [Tomcat]
2019-02-24 23:31:03.558 INFO [main]org.apache.catalina.core.StandardEngine.log:173 -Starting Servlet engine: [Apache Tomcat/9.0.16]
2019-02-24 23:31:03.562 INFO [main]org.apache.catalina.core.AprLifecycleListener.log:173 -The APR based Apache Tomcat Native library which allows optimal performance in production environments was not found on the java.library.path: [C:\Program Files\Java\jdk1.8.0_171\bin;C:\WINDOWS\Sun\Java\bin;C:\WINDOWS\system32;C:\WINDOWS;C:\Program Files (x86)\Razer\ChromaBroadcast\bin;C:\Program Files\Razer\ChromaBroadcast\bin;C:\Program Files (x86)\Common Files\Oracle\Java\javapath;C:\Program Files (x86)\Intel\Intel(R) Management Engine Components\iCLS\;C:\Program Files\Intel\Intel(R) Management Engine Components\iCLS\;C:\Windows\system32;C:\Windows;C:\Windows\System32\Wbem;C:\Windows\System32\WindowsPowerShell\v1.0\;C:\Program Files (x86)\NVIDIA Corporation\PhysX\Common;C:\Program Files (x86)\Intel\Intel(R) Management Engine Components\DAL;C:\Program Files\Intel\Intel(R) Management Engine Components\DAL;C:\Program Files (x86)\Intel\Intel(R) Management Engine Components\IPT;C:\Program Files\Intel\Intel(R) Management Engine Components\IPT;C:\Program Files (x86)\Common Files\microsoft shared\TigerKin;C:\WINDOWS\system32;C:\WINDOWS;C:\WINDOWS\System32\Wbem;C:\WINDOWS\System32\WindowsPowerShell\v1.0\;C:\WINDOWS\System32\OpenSSH\;F:\Git\cmd;C:\WINDOWS\system32\config\systemprofile\AppData\Local\Microsoft\WindowsApps;C:\Users\Mloong\AppData\Local\Microsoft\WindowsApps;C:\Program Files\Java\jdk1.8.0_171\bin;C:\Program Files\Java\jdk1.8.0_171\jre\bin;F:\apache-maven-3.5.4-bin\apache-maven-3.5.4\bin;F:\apache-maven-3.5.4-bin\apache-maven-3.5.4\bin;F:\mysql\bin;D:\Microsoft VS Code\bin;.]
2019-02-24 23:31:03.643 INFO [main]o.a.catalina.core.ContainerBase.[Tomcat].[localhost].[/].log:173 -Initializing Spring embedded WebApplicationContext
2019-02-24 23:31:03.643 INFO [main]org.springframework.web.context.ContextLoader.prepareWebApplicationContext:296 -Root WebApplicationContext: initialization completed in 880 ms
2019-02-24 23:31:03.906 INFO [main]org.elasticsearch.plugins.PluginsService.logPluginInfo:190 -no modules loaded
2019-02-24 23:31:03.906 INFO [main]org.elasticsearch.plugins.PluginsService.logPluginInfo:193 -loaded plugin [org.elasticsearch.index.reindex.ReindexPlugin]
2019-02-24 23:31:03.907 INFO [main]org.elasticsearch.plugins.PluginsService.logPluginInfo:193 -loaded plugin [org.elasticsearch.join.ParentJoinPlugin]
2019-02-24 23:31:03.907 INFO [main]org.elasticsearch.plugins.PluginsService.logPluginInfo:193 -loaded plugin [org.elasticsearch.percolator.PercolatorPlugin]
2019-02-24 23:31:03.907 INFO [main]org.elasticsearch.plugins.PluginsService.logPluginInfo:193 -loaded plugin [org.elasticsearch.script.mustache.MustachePlugin]
2019-02-24 23:31:03.907 INFO [main]org.elasticsearch.plugins.PluginsService.logPluginInfo:193 -loaded plugin [org.elasticsearch.transport.Netty4Plugin]
2019-02-24 23:31:04.526 INFO [main]o.s.data.elasticsearch.client.TransportClientFactoryBean.lambda$buildClient$0:88 -Adding transport node : 127.0.0.1:9300
2019-02-24 23:31:06.174 WARN [main]o.s.b.w.s.c.AnnotationConfigServletWebServerApplicationContext.refresh:557 -Exception encountered during context initialization - cancelling refresh attempt: org.springframework.beans.factory.UnsatisfiedDependencyException: Error creating bean with name 'userController': Unsatisfied dependency expressed through field 'userMapper'; nested exception is org.springframework.beans.factory.NoSuchBeanDefinitionException: No qualifying bean of type 'com.threewater.template.background.mapper.UserMapper' available: expected at least 1 bean which qualifies as autowire candidate. Dependency annotations: {@org.springframework.beans.factory.annotation.Autowired(required=true)}
2019-02-24 23:31:07.186 INFO [main]org.apache.catalina.core.StandardService.log:173 -Stopping service [Tomcat]
2019-02-24 23:31:07.212 INFO [main]o.s.b.a.logging.ConditionEvaluationReportLoggingListener.logMessage:142 -

Error starting ApplicationContext. To display the conditions report re-run your application with 'debug' enabled.
2019-02-24 23:34:30.611 INFO [main]com.threewater.template.background.BackgroundApplication.logStarting:50 -Starting BackgroundApplication on DESKTOP-1LO98I2 with PID 19712 (F:\workspace\background\target\classes started by Mloong in F:\workspace\background)
2019-02-24 23:34:30.615 INFO [main]com.threewater.template.background.BackgroundApplication.logStartupProfileInfo:679 -The following profiles are active: dev
2019-02-24 23:34:31.025 INFO [main]o.s.d.repository.config.RepositoryConfigurationDelegate.multipleStoresDetected:244 -Multiple Spring Data modules found, entering strict repository configuration mode!
2019-02-24 23:34:31.026 INFO [main]o.s.d.repository.config.RepositoryConfigurationDelegate.registerRepositoriesIn:126 -Bootstrapping Spring Data repositories in DEFAULT mode.
2019-02-24 23:34:31.073 INFO [main]o.s.d.repository.config.RepositoryConfigurationDelegate.registerRepositoriesIn:182 -Finished Spring Data repository scanning in 44ms. Found 1 repository interfaces.
2019-02-24 23:34:31.079 INFO [main]o.s.d.repository.config.RepositoryConfigurationDelegate.multipleStoresDetected:244 -Multiple Spring Data modules found, entering strict repository configuration mode!
2019-02-24 23:34:31.080 INFO [main]o.s.d.repository.config.RepositoryConfigurationDelegate.registerRepositoriesIn:126 -Bootstrapping Spring Data repositories in DEFAULT mode.
2019-02-24 23:34:31.090 INFO [main]o.s.d.r.config.RepositoryConfigurationExtensionSupport.isStrictRepositoryCandidate:363 -Spring Data Redis - Could not safely identify store assignment for repository candidate interface com.threewater.template.background.repository.UserRepository.
2019-02-24 23:34:31.090 INFO [main]o.s.d.repository.config.RepositoryConfigurationDelegate.registerRepositoriesIn:182 -Finished Spring Data repository scanning in 5ms. Found 0 repository interfaces.
2019-02-24 23:34:31.434 INFO [main]o.s.boot.web.embedded.tomcat.TomcatWebServer.initialize:90 -Tomcat initialized with port(s): 8080 (http)
2019-02-24 23:34:31.442 INFO [main]org.apache.coyote.http11.Http11NioProtocol.log:173 -Initializing ProtocolHandler ["http-nio-8080"]
2019-02-24 23:34:31.446 INFO [main]org.apache.catalina.core.StandardService.log:173 -Starting service [Tomcat]
2019-02-24 23:34:31.447 INFO [main]org.apache.catalina.core.StandardEngine.log:173 -Starting Servlet engine: [Apache Tomcat/9.0.16]
2019-02-24 23:34:31.451 INFO [main]org.apache.catalina.core.AprLifecycleListener.log:173 -The APR based Apache Tomcat Native library which allows optimal performance in production environments was not found on the java.library.path: [C:\Program Files\Java\jdk1.8.0_171\bin;C:\WINDOWS\Sun\Java\bin;C:\WINDOWS\system32;C:\WINDOWS;C:\Program Files (x86)\Razer\ChromaBroadcast\bin;C:\Program Files\Razer\ChromaBroadcast\bin;C:\Program Files (x86)\Common Files\Oracle\Java\javapath;C:\Program Files (x86)\Intel\Intel(R) Management Engine Components\iCLS\;C:\Program Files\Intel\Intel(R) Management Engine Components\iCLS\;C:\Windows\system32;C:\Windows;C:\Windows\System32\Wbem;C:\Windows\System32\WindowsPowerShell\v1.0\;C:\Program Files (x86)\NVIDIA Corporation\PhysX\Common;C:\Program Files (x86)\Intel\Intel(R) Management Engine Components\DAL;C:\Program Files\Intel\Intel(R) Management Engine Components\DAL;C:\Program Files (x86)\Intel\Intel(R) Management Engine Components\IPT;C:\Program Files\Intel\Intel(R) Management Engine Components\IPT;C:\Program Files (x86)\Common Files\microsoft shared\TigerKin;C:\WINDOWS\system32;C:\WINDOWS;C:\WINDOWS\System32\Wbem;C:\WINDOWS\System32\WindowsPowerShell\v1.0\;C:\WINDOWS\System32\OpenSSH\;F:\Git\cmd;C:\WINDOWS\system32\config\systemprofile\AppData\Local\Microsoft\WindowsApps;C:\Users\Mloong\AppData\Local\Microsoft\WindowsApps;C:\Program Files\Java\jdk1.8.0_171\bin;C:\Program Files\Java\jdk1.8.0_171\jre\bin;F:\apache-maven-3.5.4-bin\apache-maven-3.5.4\bin;F:\apache-maven-3.5.4-bin\apache-maven-3.5.4\bin;F:\mysql\bin;D:\Microsoft VS Code\bin;.]
2019-02-24 23:34:31.534 INFO [main]o.a.catalina.core.ContainerBase.[Tomcat].[localhost].[/].log:173 -Initializing Spring embedded WebApplicationContext
2019-02-24 23:34:31.534 INFO [main]org.springframework.web.context.ContextLoader.prepareWebApplicationContext:296 -Root WebApplicationContext: initialization completed in 889 ms
2019-02-24 23:34:31.763 INFO [main]org.elasticsearch.plugins.PluginsService.logPluginInfo:190 -no modules loaded
2019-02-24 23:34:31.764 INFO [main]org.elasticsearch.plugins.PluginsService.logPluginInfo:193 -loaded plugin [org.elasticsearch.index.reindex.ReindexPlugin]
2019-02-24 23:34:31.764 INFO [main]org.elasticsearch.plugins.PluginsService.logPluginInfo:193 -loaded plugin [org.elasticsearch.join.ParentJoinPlugin]
2019-02-24 23:34:31.764 INFO [main]org.elasticsearch.plugins.PluginsService.logPluginInfo:193 -loaded plugin [org.elasticsearch.percolator.PercolatorPlugin]
2019-02-24 23:34:31.764 INFO [main]org.elasticsearch.plugins.PluginsService.logPluginInfo:193 -loaded plugin [org.elasticsearch.script.mustache.MustachePlugin]
2019-02-24 23:34:31.765 INFO [main]org.elasticsearch.plugins.PluginsService.logPluginInfo:193 -loaded plugin [org.elasticsearch.transport.Netty4Plugin]
2019-02-24 23:34:32.389 INFO [main]o.s.data.elasticsearch.client.TransportClientFactoryBean.lambda$buildClient$0:88 -Adding transport node : 127.0.0.1:9300
2019-02-24 23:34:34.034 WARN [main]o.s.b.w.s.c.AnnotationConfigServletWebServerApplicationContext.refresh:557 -Exception encountered during context initialization - cancelling refresh attempt: org.springframework.beans.factory.UnsatisfiedDependencyException: Error creating bean with name 'userController': Unsatisfied dependency expressed through field 'userMapper'; nested exception is org.springframework.beans.factory.NoSuchBeanDefinitionException: No qualifying bean of type 'com.threewater.template.background.mapper.UserMapper' available: expected at least 1 bean which qualifies as autowire candidate. Dependency annotations: {@org.springframework.beans.factory.annotation.Autowired(required=true)}
2019-02-24 23:34:35.043 INFO [main]org.apache.catalina.core.StandardService.log:173 -Stopping service [Tomcat]
2019-02-24 23:34:35.055 INFO [main]o.s.b.a.logging.ConditionEvaluationReportLoggingListener.logMessage:142 -

Error starting ApplicationContext. To display the conditions report re-run your application with 'debug' enabled.
2019-02-24 23:36:22.459 INFO [main]com.threewater.template.background.BackgroundApplication.logStarting:50 -Starting BackgroundApplication on DESKTOP-1LO98I2 with PID 2280 (F:\workspace\background\target\classes started by Mloong in F:\workspace\background)
2019-02-24 23:36:22.461 INFO [main]com.threewater.template.background.BackgroundApplication.logStartupProfileInfo:679 -The following profiles are active: dev
2019-02-24 23:36:22.857 INFO [main]o.s.d.repository.config.RepositoryConfigurationDelegate.multipleStoresDetected:244 -Multiple Spring Data modules found, entering strict repository configuration mode!
2019-02-24 23:36:22.858 INFO [main]o.s.d.repository.config.RepositoryConfigurationDelegate.registerRepositoriesIn:126 -Bootstrapping Spring Data repositories in DEFAULT mode.
2019-02-24 23:36:22.901 INFO [main]o.s.d.repository.config.RepositoryConfigurationDelegate.registerRepositoriesIn:182 -Finished Spring Data repository scanning in 39ms. Found 1 repository interfaces.
2019-02-24 23:36:22.908 INFO [main]o.s.d.repository.config.RepositoryConfigurationDelegate.multipleStoresDetected:244 -Multiple Spring Data modules found, entering strict repository configuration mode!
2019-02-24 23:36:22.909 INFO [main]o.s.d.repository.config.RepositoryConfigurationDelegate.registerRepositoriesIn:126 -Bootstrapping Spring Data repositories in DEFAULT mode.
2019-02-24 23:36:22.919 INFO [main]o.s.d.r.config.RepositoryConfigurationExtensionSupport.isStrictRepositoryCandidate:363 -Spring Data Redis - Could not safely identify store assignment for repository candidate interface com.threewater.template.background.repository.UserRepository.
2019-02-24 23:36:22.920 INFO [main]o.s.d.repository.config.RepositoryConfigurationDelegate.registerRepositoriesIn:182 -Finished Spring Data repository scanning in 6ms. Found 0 repository interfaces.
2019-02-24 23:36:23.140 INFO [main]o.s.c.s.PostProcessorRegistrationDelegate$BeanPostProcessorChecker.postProcessAfterInitialization:330 -Bean 'org.springframework.transaction.annotation.ProxyTransactionManagementConfiguration' of type [org.springframework.transaction.annotation.ProxyTransactionManagementConfiguration$$EnhancerBySpringCGLIB$$240da921] is not eligible for getting processed by all BeanPostProcessors (for example: not eligible for auto-proxying)
2019-02-24 23:36:23.318 INFO [main]o.s.boot.web.embedded.tomcat.TomcatWebServer.initialize:90 -Tomcat initialized with port(s): 8080 (http)
2019-02-24 23:36:23.328 INFO [main]org.apache.coyote.http11.Http11NioProtocol.log:173 -Initializing ProtocolHandler ["http-nio-8080"]
2019-02-24 23:36:23.334 INFO [main]org.apache.catalina.core.StandardService.log:173 -Starting service [Tomcat]
2019-02-24 23:36:23.334 INFO [main]org.apache.catalina.core.StandardEngine.log:173 -Starting Servlet engine: [Apache Tomcat/9.0.16]
2019-02-24 23:36:23.338 INFO [main]org.apache.catalina.core.AprLifecycleListener.log:173 -The APR based Apache Tomcat Native library which allows optimal performance in production environments was not found on the java.library.path: [C:\Program Files\Java\jdk1.8.0_171\bin;C:\WINDOWS\Sun\Java\bin;C:\WINDOWS\system32;C:\WINDOWS;C:\Program Files (x86)\Razer\ChromaBroadcast\bin;C:\Program Files\Razer\ChromaBroadcast\bin;C:\Program Files (x86)\Common Files\Oracle\Java\javapath;C:\Program Files (x86)\Intel\Intel(R) Management Engine Components\iCLS\;C:\Program Files\Intel\Intel(R) Management Engine Components\iCLS\;C:\Windows\system32;C:\Windows;C:\Windows\System32\Wbem;C:\Windows\System32\WindowsPowerShell\v1.0\;C:\Program Files (x86)\NVIDIA Corporation\PhysX\Common;C:\Program Files (x86)\Intel\Intel(R) Management Engine Components\DAL;C:\Program Files\Intel\Intel(R) Management Engine Components\DAL;C:\Program Files (x86)\Intel\Intel(R) Management Engine Components\IPT;C:\Program Files\Intel\Intel(R) Management Engine Components\IPT;C:\Program Files (x86)\Common Files\microsoft shared\TigerKin;C:\WINDOWS\system32;C:\WINDOWS;C:\WINDOWS\System32\Wbem;C:\WINDOWS\System32\WindowsPowerShell\v1.0\;C:\WINDOWS\System32\OpenSSH\;F:\Git\cmd;C:\WINDOWS\system32\config\systemprofile\AppData\Local\Microsoft\WindowsApps;C:\Users\Mloong\AppData\Local\Microsoft\WindowsApps;C:\Program Files\Java\jdk1.8.0_171\bin;C:\Program Files\Java\jdk1.8.0_171\jre\bin;F:\apache-maven-3.5.4-bin\apache-maven-3.5.4\bin;F:\apache-maven-3.5.4-bin\apache-maven-3.5.4\bin;F:\mysql\bin;D:\Microsoft VS Code\bin;.]
2019-02-24 23:36:23.439 INFO [main]o.a.catalina.core.ContainerBase.[Tomcat].[localhost].[/].log:173 -Initializing Spring embedded WebApplicationContext
2019-02-24 23:36:23.439 INFO [main]org.springframework.web.context.ContextLoader.prepareWebApplicationContext:296 -Root WebApplicationContext: initialization completed in 950 ms
2019-02-24 23:36:23.525 INFO [main]c.t.template.background.listener.TestRequestListener.contextInitialized:16 -======contextInitialized Listener========
2019-02-24 23:36:23.527 INFO [main]com.threewater.template.background.filter.TestFilter.init:18 -init FilterTest...
2019-02-24 23:36:23.699 INFO [main]org.elasticsearch.plugins.PluginsService.logPluginInfo:190 -no modules loaded
2019-02-24 23:36:23.699 INFO [main]org.elasticsearch.plugins.PluginsService.logPluginInfo:193 -loaded plugin [org.elasticsearch.index.reindex.ReindexPlugin]
2019-02-24 23:36:23.700 INFO [main]org.elasticsearch.plugins.PluginsService.logPluginInfo:193 -loaded plugin [org.elasticsearch.join.ParentJoinPlugin]
2019-02-24 23:36:23.700 INFO [main]org.elasticsearch.plugins.PluginsService.logPluginInfo:193 -loaded plugin [org.elasticsearch.percolator.PercolatorPlugin]
2019-02-24 23:36:23.700 INFO [main]org.elasticsearch.plugins.PluginsService.logPluginInfo:193 -loaded plugin [org.elasticsearch.script.mustache.MustachePlugin]
2019-02-24 23:36:23.700 INFO [main]org.elasticsearch.plugins.PluginsService.logPluginInfo:193 -loaded plugin [org.elasticsearch.transport.Netty4Plugin]
2019-02-24 23:36:24.369 INFO [main]o.s.data.elasticsearch.client.TransportClientFactoryBean.lambda$buildClient$0:88 -Adding transport node : 127.0.0.1:9300
2019-02-24 23:36:26.135 WARN [main]o.s.b.w.s.c.AnnotationConfigServletWebServerApplicationContext.refresh:557 -Exception encountered during context initialization - cancelling refresh attempt: org.springframework.beans.factory.UnsatisfiedDependencyException: Error creating bean with name 'userController': Unsatisfied dependency expressed through field 'userMapper'; nested exception is org.springframework.beans.factory.UnsatisfiedDependencyException: Error creating bean with name 'userMapper' defined in file [F:\workspace\background\target\classes\com\threewater\template\background\mapper\UserMapper.class]: Unsatisfied dependency expressed through bean property 'sqlSessionFactory'; nested exception is org.springframework.beans.factory.BeanCreationException: Error creating bean with name 'sqlSessionFactory' defined in class path resource [org/mybatis/spring/boot/autoconfigure/MybatisAutoConfiguration.class]: Bean instantiation via factory method failed; nested exception is org.springframework.beans.BeanInstantiationException: Failed to instantiate [org.apache.ibatis.session.SqlSessionFactory]: Factory method 'sqlSessionFactory' threw exception; nested exception is org.springframework.core.NestedIOException: Failed to parse config resource: class path resource [mybatis-config.xml]; nested exception is org.apache.ibatis.builder.BuilderException: Error parsing SQL Mapper Configuration. Cause: org.apache.ibatis.builder.BuilderException: Error parsing Mapper XML. The XML location is 'mapper/UserMapper.xml'. Cause: org.apache.ibatis.builder.BuilderException: Error resolving class. Cause: org.apache.ibatis.type.TypeException: Could not resolve type alias 'com.threewater.template.background.domain.UserInfo'.  Cause: java.lang.ClassNotFoundException: Cannot find class: com.threewater.template.background.domain.UserInfo
2019-02-24 23:36:27.141 INFO [main]org.apache.catalina.core.StandardService.log:173 -Stopping service [Tomcat]
2019-02-24 23:36:27.142 INFO [main]com.threewater.template.background.filter.TestFilter.destroy:36 -destroy FilterTest...
2019-02-24 23:36:27.142 INFO [main]c.t.template.background.listener.TestRequestListener.contextDestroyed:21 -======contextDestroyed Listener========
2019-02-24 23:36:27.152 INFO [main]o.s.b.a.logging.ConditionEvaluationReportLoggingListener.logMessage:142 -

Error starting ApplicationContext. To display the conditions report re-run your application with 'debug' enabled.
2019-02-24 23:37:21.303 INFO [main]com.threewater.template.background.BackgroundApplication.logStarting:50 -Starting BackgroundApplication on DESKTOP-1LO98I2 with PID 23356 (F:\workspace\background\target\classes started by Mloong in F:\workspace\background)
2019-02-24 23:37:21.305 INFO [main]com.threewater.template.background.BackgroundApplication.logStartupProfileInfo:679 -The following profiles are active: dev
2019-02-24 23:37:21.723 INFO [main]o.s.d.repository.config.RepositoryConfigurationDelegate.multipleStoresDetected:244 -Multiple Spring Data modules found, entering strict repository configuration mode!
2019-02-24 23:37:21.724 INFO [main]o.s.d.repository.config.RepositoryConfigurationDelegate.registerRepositoriesIn:126 -Bootstrapping Spring Data repositories in DEFAULT mode.
2019-02-24 23:37:21.771 INFO [main]o.s.d.repository.config.RepositoryConfigurationDelegate.registerRepositoriesIn:182 -Finished Spring Data repository scanning in 43ms. Found 1 repository interfaces.
2019-02-24 23:37:21.777 INFO [main]o.s.d.repository.config.RepositoryConfigurationDelegate.multipleStoresDetected:244 -Multiple Spring Data modules found, entering strict repository configuration mode!
2019-02-24 23:37:21.778 INFO [main]o.s.d.repository.config.RepositoryConfigurationDelegate.registerRepositoriesIn:126 -Bootstrapping Spring Data repositories in DEFAULT mode.
2019-02-24 23:37:21.788 INFO [main]o.s.d.r.config.RepositoryConfigurationExtensionSupport.isStrictRepositoryCandidate:363 -Spring Data Redis - Could not safely identify store assignment for repository candidate interface com.threewater.template.background.repository.UserRepository.
2019-02-24 23:37:21.789 INFO [main]o.s.d.repository.config.RepositoryConfigurationDelegate.registerRepositoriesIn:182 -Finished Spring Data repository scanning in 5ms. Found 0 repository interfaces.
2019-02-24 23:37:22.004 INFO [main]o.s.c.s.PostProcessorRegistrationDelegate$BeanPostProcessorChecker.postProcessAfterInitialization:330 -Bean 'org.springframework.transaction.annotation.ProxyTransactionManagementConfiguration' of type [org.springframework.transaction.annotation.ProxyTransactionManagementConfiguration$$EnhancerBySpringCGLIB$$4c02676a] is not eligible for getting processed by all BeanPostProcessors (for example: not eligible for auto-proxying)
2019-02-24 23:37:22.185 INFO [main]o.s.boot.web.embedded.tomcat.TomcatWebServer.initialize:90 -Tomcat initialized with port(s): 8080 (http)
2019-02-24 23:37:22.194 INFO [main]org.apache.coyote.http11.Http11NioProtocol.log:173 -Initializing ProtocolHandler ["http-nio-8080"]
2019-02-24 23:37:22.200 INFO [main]org.apache.catalina.core.StandardService.log:173 -Starting service [Tomcat]
2019-02-24 23:37:22.200 INFO [main]org.apache.catalina.core.StandardEngine.log:173 -Starting Servlet engine: [Apache Tomcat/9.0.16]
2019-02-24 23:37:22.204 INFO [main]org.apache.catalina.core.AprLifecycleListener.log:173 -The APR based Apache Tomcat Native library which allows optimal performance in production environments was not found on the java.library.path: [C:\Program Files\Java\jdk1.8.0_171\bin;C:\WINDOWS\Sun\Java\bin;C:\WINDOWS\system32;C:\WINDOWS;C:\Program Files (x86)\Razer\ChromaBroadcast\bin;C:\Program Files\Razer\ChromaBroadcast\bin;C:\Program Files (x86)\Common Files\Oracle\Java\javapath;C:\Program Files (x86)\Intel\Intel(R) Management Engine Components\iCLS\;C:\Program Files\Intel\Intel(R) Management Engine Components\iCLS\;C:\Windows\system32;C:\Windows;C:\Windows\System32\Wbem;C:\Windows\System32\WindowsPowerShell\v1.0\;C:\Program Files (x86)\NVIDIA Corporation\PhysX\Common;C:\Program Files (x86)\Intel\Intel(R) Management Engine Components\DAL;C:\Program Files\Intel\Intel(R) Management Engine Components\DAL;C:\Program Files (x86)\Intel\Intel(R) Management Engine Components\IPT;C:\Program Files\Intel\Intel(R) Management Engine Components\IPT;C:\Program Files (x86)\Common Files\microsoft shared\TigerKin;C:\WINDOWS\system32;C:\WINDOWS;C:\WINDOWS\System32\Wbem;C:\WINDOWS\System32\WindowsPowerShell\v1.0\;C:\WINDOWS\System32\OpenSSH\;F:\Git\cmd;C:\WINDOWS\system32\config\systemprofile\AppData\Local\Microsoft\WindowsApps;C:\Users\Mloong\AppData\Local\Microsoft\WindowsApps;C:\Program Files\Java\jdk1.8.0_171\bin;C:\Program Files\Java\jdk1.8.0_171\jre\bin;F:\apache-maven-3.5.4-bin\apache-maven-3.5.4\bin;F:\apache-maven-3.5.4-bin\apache-maven-3.5.4\bin;F:\mysql\bin;D:\Microsoft VS Code\bin;.]
2019-02-24 23:37:22.297 INFO [main]o.a.catalina.core.ContainerBase.[Tomcat].[localhost].[/].log:173 -Initializing Spring embedded WebApplicationContext
2019-02-24 23:37:22.297 INFO [main]org.springframework.web.context.ContextLoader.prepareWebApplicationContext:296 -Root WebApplicationContext: initialization completed in 963 ms
2019-02-24 23:37:22.346 INFO [main]c.t.template.background.listener.TestRequestListener.contextInitialized:16 -======contextInitialized Listener========
2019-02-24 23:37:22.348 INFO [main]com.threewater.template.background.filter.TestFilter.init:18 -init FilterTest...
2019-02-24 23:37:22.541 INFO [main]org.elasticsearch.plugins.PluginsService.logPluginInfo:190 -no modules loaded
2019-02-24 23:37:22.542 INFO [main]org.elasticsearch.plugins.PluginsService.logPluginInfo:193 -loaded plugin [org.elasticsearch.index.reindex.ReindexPlugin]
2019-02-24 23:37:22.542 INFO [main]org.elasticsearch.plugins.PluginsService.logPluginInfo:193 -loaded plugin [org.elasticsearch.join.ParentJoinPlugin]
2019-02-24 23:37:22.542 INFO [main]org.elasticsearch.plugins.PluginsService.logPluginInfo:193 -loaded plugin [org.elasticsearch.percolator.PercolatorPlugin]
2019-02-24 23:37:22.542 INFO [main]org.elasticsearch.plugins.PluginsService.logPluginInfo:193 -loaded plugin [org.elasticsearch.script.mustache.MustachePlugin]
2019-02-24 23:37:22.543 INFO [main]org.elasticsearch.plugins.PluginsService.logPluginInfo:193 -loaded plugin [org.elasticsearch.transport.Netty4Plugin]
2019-02-24 23:37:23.183 INFO [main]o.s.data.elasticsearch.client.TransportClientFactoryBean.lambda$buildClient$0:88 -Adding transport node : 127.0.0.1:9300
2019-02-24 23:37:27.897 INFO [main]o.s.scheduling.concurrent.ThreadPoolTaskExecutor.initialize:171 -Initializing ExecutorService 'applicationTaskExecutor'
2019-02-24 23:37:28.496 INFO [main]o.s.security.web.DefaultSecurityFilterChain.<init>:43 -Creating filter chain: any request, [org.springframework.security.web.context.request.async.WebAsyncManagerIntegrationFilter@377e573a, org.springframework.security.web.context.SecurityContextPersistenceFilter@13dc6649, org.springframework.security.web.header.HeaderWriterFilter@6141647f, org.springframework.security.web.csrf.CsrfFilter@6de84336, org.springframework.security.web.authentication.logout.LogoutFilter@87aec6a, org.springframework.security.web.authentication.UsernamePasswordAuthenticationFilter@2da5fdc, org.springframework.security.web.authentication.ui.DefaultLoginPageGeneratingFilter@59371066, org.springframework.security.web.authentication.ui.DefaultLogoutPageGeneratingFilter@76db9048, org.springframework.security.web.authentication.www.BasicAuthenticationFilter@52856ff9, org.springframework.security.web.savedrequest.RequestCacheAwareFilter@250a946, org.springframework.security.web.servletapi.SecurityContextHolderAwareRequestFilter@419f0ea, org.springframework.security.web.authentication.AnonymousAuthenticationFilter@54daf8f9, org.springframework.security.web.session.SessionManagementFilter@7f2ca6f8, org.springframework.security.web.access.ExceptionTranslationFilter@3a6556b6, org.springframework.security.web.access.intercept.FilterSecurityInterceptor@2ec5cc14]
2019-02-24 23:37:28.535 INFO [main]org.apache.coyote.http11.Http11NioProtocol.log:173 -Starting ProtocolHandler ["http-nio-8080"]
2019-02-24 23:37:28.547 INFO [main]o.s.boot.web.embedded.tomcat.TomcatWebServer.start:204 -Tomcat started on port(s): 8080 (http) with context path ''
2019-02-24 23:37:28.549 INFO [main]com.threewater.template.background.BackgroundApplication.logStarted:59 -Started BackgroundApplication in 7.617 seconds (JVM running for 8.192)
2019-02-24 23:37:44.076 INFO [http-nio-8080-exec-1]c.t.template.background.listener.TestRequestListener.requestInitialized:21 -requestInitialized Listener
2019-02-24 23:37:44.081 INFO [http-nio-8080-exec-1]o.a.catalina.core.ContainerBase.[Tomcat].[localhost].[/].log:173 -Initializing Spring DispatcherServlet 'dispatcherServlet'
2019-02-24 23:37:44.081 INFO [http-nio-8080-exec-1]org.springframework.web.servlet.DispatcherServlet.initServletBean:524 -Initializing Servlet 'dispatcherServlet'
2019-02-24 23:37:44.088 INFO [http-nio-8080-exec-1]org.springframework.web.servlet.DispatcherServlet.initServletBean:546 -Completed initialization in 7 ms
2019-02-24 23:37:44.120 INFO [http-nio-8080-exec-1]c.t.template.background.listener.TestRequestListener.requestDestroyed:16 -requestDestroyed Listener
2019-02-24 23:37:44.124 INFO [http-nio-8080-exec-3]c.t.template.background.listener.TestRequestListener.requestInitialized:21 -requestInitialized Listener
2019-02-24 23:37:44.129 INFO [http-nio-8080-exec-3]c.t.template.background.listener.TestRequestListener.requestDestroyed:16 -requestDestroyed Listener
